INFO: Constructing runner from config.
INFO: Configuring Android Instrumentation driver: android_instrumentation_runtime {
  instrumentation_info {
    app_package: "com.example.group8_bartertrader"
    test_package: "com.example.group8_bartertrader.test"
    test_runner_class: "androidx.test.runner.AndroidJUnitRunner"
  }
  instrumentation_args {
    args_map {
      key: "additionalTestOutputDir"
      value: "/sdcard/Android/media/com.example.group8_bartertrader/additional_test_output"
    }
    args_map {
      key: "class"
      value: "com.example.group8_bartertrader.ResetPasswordActivityUITest"
    }
  }
}
am_instrument_timeout: 31536000

INFO: Configuring AndroidTestApkInstallerPlugin: apks_to_install {
  apk_paths: "/Users/jae/Desktop/W25/3130/group8/app/build/intermediates/apk/debug/app-debug.apk"
  install_options {
  }
  uninstall_after_test: true
}
apks_to_install {
  apk_paths: "/Users/jae/Desktop/W25/3130/group8/app/build/intermediates/apk/androidTest/debug/app-debug-androidTest.apk"
  install_options {
  }
  uninstall_after_test: true
}

INFO: No installables found in test fixture. Nothing to install.
INFO: Installing [/Users/jae/Desktop/W25/3130/group8/app/build/intermediates/apk/debug/app-debug.apk] on device emulator-5554.
SEVERE: Test execution failed with fatal error!
INFO: Copying files from device to host: /sdcard/Android/media/com.example.group8_bartertrader/additional_test_output to /Users/jae/Desktop/W25/3130/group8/app/build/outputs/connected_android_test_additional_output/debugAndroidTest/connected/Medium_Phone_API_35(AVD) - 15
INFO: /sdcard/Android/media/com.example.group8_bartertrader/additional_test_output is not a directory
INFO: Stop logcat streaming.
INFO: Uninstalling com.example.group8_bartertrader for device emulator-5554.
WARNING: Device emulator-5554 failed to uninstall test APK com.example.group8_bartertrader.
[Failure [DELETE_FAILED_INTERNAL_ERROR]]
INFO: Uninstalling com.example.group8_bartertrader.test for device emulator-5554.
WARNING: Device emulator-5554 failed to uninstall test APK com.example.group8_bartertrader.test.
[Failure [DELETE_FAILED_INTERNAL_ERROR]]
